<?xml version="1.0" encoding="UTF-8"?>
<testsuite xmlns:xsi="http://www.w3.org/2001/XMLSchema-instance" xsi:noNamespaceSchemaLocation="https://maven.apache.org/surefire/maven-surefire-plugin/xsd/surefire-test-report.xsd" name="edu.uob.TriangleTests" time="0.015" tests="9" errors="0" skipped="0" failures="0">
  <properties>
[...]
</properties>
  <testcase name="testRight" classname="edu.uob.TriangleTests" time="0.01"/>
  <testcase name="testFlat" classname="edu.uob.TriangleTests" time="0"/>
  <testcase name="testZero" classname="edu.uob.TriangleTests" time="0.001"/>
  <testcase name="testEquilateral" classname="edu.uob.TriangleTests" time="0"/>
  <testcase name="testOverflow" classname="edu.uob.TriangleTests" time="0.001"/>
  <testcase name="testImpossible" classname="edu.uob.TriangleTests" time="0"/>
  <testcase name="testScalene" classname="edu.uob.TriangleTests" time="0"/>
  <testcase name="testIsosceles" classname="edu.uob.TriangleTests" time="0"/>
  <testcase name="testNegative" classname="edu.uob.TriangleTests" time="0"/>
</testsuite>